
02/05/24 : 15:35:31,828 __main__ ERROR 
Uncaught exception on d:\Bakup\Materi\Semester9\Skripsi\program\orcjplearning\src\screen.py:
name 'a' is not defined
02/05/24 : 15:37:34,18 __main__ ERROR 

Uncaught exception on __main__:
name 'a' is not defined
02/05/24 : 15:48:17,31 ocr ERROR Uncaught exception d:\Bakup\Materi\Semester9\Skripsi\program\orcjplearning\src\ocr.py:
name 'asdwa' is not defined


02/05/24 : 15:48:42,38 ocr ERROR Uncaught exception d:\Bakup\Materi\Semester9\Skripsi\program\orcjplearning\src\ocr.py:
name 'asdwa' is not defined


23:36:01,191 __main__ ERROR Uncaught exception
Traceback (most recent call last):
  File "d:\Bakup\Materi\Semester9\Skripsi\program\orcjplearning\src\screen.py", line 222, in <lambda>
    self.runningThread.finished.connect(lambda: self.ocrThreadFinished(self.jpTxt))
  File "d:\Bakup\Materi\Semester9\Skripsi\program\orcjplearning\src\screen.py", line 257, in ocrThreadFinished
    self.textScreen.txtProcessing(jpTxt)
  File "d:\Bakup\Materi\Semester9\Skripsi\program\orcjplearning\src\txtscreen.py", line 220, in txtProcessing
    jpParseTxt = parse.segmentasiTeks(jpText)
  File "d:\Bakup\Materi\Semester9\Skripsi\program\orcjplearning\src\parsing.py", line 202, in segmentasiTeks
    if tes[-1] == self.convKanaRo(data[i][2][c_index+1], 'romaji'):
IndexError: string index out of range


23:36:09,520 __main__ ERROR Uncaught exception
Traceback (most recent call last):
  File "d:\Bakup\Materi\Semester9\Skripsi\program\orcjplearning\src\screen.py", line 222, in <lambda>
    self.runningThread.finished.connect(lambda: self.ocrThreadFinished(self.jpTxt))
  File "d:\Bakup\Materi\Semester9\Skripsi\program\orcjplearning\src\screen.py", line 257, in ocrThreadFinished
    self.textScreen.txtProcessing(jpTxt)
  File "d:\Bakup\Materi\Semester9\Skripsi\program\orcjplearning\src\txtscreen.py", line 220, in txtProcessing
    jpParseTxt = parse.segmentasiTeks(jpText)
  File "d:\Bakup\Materi\Semester9\Skripsi\program\orcjplearning\src\parsing.py", line 202, in segmentasiTeks
    if tes[-1] == self.convKanaRo(data[i][2][c_index+1], 'romaji'):
IndexError: string index out of range


23:36:14,881 __main__ ERROR Uncaught exception
Traceback (most recent call last):
  File "d:\Bakup\Materi\Semester9\Skripsi\program\orcjplearning\src\screen.py", line 222, in <lambda>
    self.runningThread.finished.connect(lambda: self.ocrThreadFinished(self.jpTxt))
  File "d:\Bakup\Materi\Semester9\Skripsi\program\orcjplearning\src\screen.py", line 257, in ocrThreadFinished
    self.textScreen.txtProcessing(jpTxt)
  File "d:\Bakup\Materi\Semester9\Skripsi\program\orcjplearning\src\txtscreen.py", line 220, in txtProcessing
    jpParseTxt = parse.segmentasiTeks(jpText)
  File "d:\Bakup\Materi\Semester9\Skripsi\program\orcjplearning\src\parsing.py", line 202, in segmentasiTeks
    if tes[-1] == self.convKanaRo(data[i][2][c_index+1], 'romaji'):
IndexError: string index out of range


